<?xml version="1.0" encoding="UTF-8"?>
<!-- Generated by org.testng.reporters.JUnitXMLReporter -->
<testsuite ignored="0" hostname="W2132852" failures="0" tests="3" name="Default test" time="156.318" errors="0" timestamp="2022-12-26T12:53:55 IST">
  <testcase classname="TestNGAutomation.Audit_Tab" name="AuditTab" time="26.623"/>
  <testcase classname="TestNGAutomation.Audit_Tab" name="CreatingtheAuditTicket" time="34.585"/>
  <testcase classname="TestNGAutomation.Audit_Tab" name="LoadAuditTicket" time="62.76"/>
</testsuite> <!-- Default test -->
